[debug] [2020-06-18T16:02:21.590Z] ----------------------------------------------------------------------
[debug] [2020-06-18T16:02:21.594Z] Command:       C:\Program Files\nodejs\node.exe C:\Users\jetle\AppData\Roaming\npm\node_modules\firebase-tools\lib\bin\firebase.js use chatty-d2006
[debug] [2020-06-18T16:02:21.594Z] CLI Version:   6.8.0
[debug] [2020-06-18T16:02:21.594Z] Platform:      win32
[debug] [2020-06-18T16:02:21.594Z] Node Version:  v12.14.0
[debug] [2020-06-18T16:02:21.596Z] Time:          Thu Jun 18 2020 19:02:21 GMT+0300 (GMT+03:00)
[debug] [2020-06-18T16:02:21.597Z] ----------------------------------------------------------------------
[debug] 
[debug] [2020-06-18T16:02:21.610Z] > command requires scopes: ["email","openid","https://www.googleapis.com/auth/cloudplatformprojects.readonly","https://www.googleapis.com/auth/firebase","https://www.googleapis.com/auth/cloud-platform"]
[debug] [2020-06-18T16:02:21.611Z] > authorizing via signed-in user
[debug] [2020-06-18T16:02:21.613Z] > refreshing access token with scopes: ["email","https://www.googleapis.com/auth/cloud-platform","https://www.googleapis.com/auth/cloudplatformprojects.readonly","https://www.googleapis.com/auth/firebase","openid"]
[debug] [2020-06-18T16:02:21.614Z] >>> HTTP REQUEST POST https://www.googleapis.com/oauth2/v3/token  
 <request body omitted>
[debug] [2020-06-18T16:02:21.822Z] <<< HTTP RESPONSE 200
[debug] [2020-06-18T16:02:21.833Z] >>> HTTP REQUEST GET https://admin.firebase.com/v1/projects  
 
[debug] [2020-06-18T16:02:43.113Z] Error: connect ETIMEDOUT 104.197.85.31:443
    at TCPConnectWrap.afterConnect [as oncomplete] (net.js:1129:14)
[error] 
[error] Error: Server Error. connect ETIMEDOUT 104.197.85.31:443
[debug] [2020-06-18T19:16:08.491Z] ----------------------------------------------------------------------
[debug] [2020-06-18T19:16:08.496Z] Command:       C:\Program Files\nodejs\node.exe C:\Users\jetle\AppData\Roaming\npm\node_modules\firebase-tools\lib\bin\firebase.js use chatty-d2006
[debug] [2020-06-18T19:16:08.496Z] CLI Version:   6.8.0
[debug] [2020-06-18T19:16:08.496Z] Platform:      win32
[debug] [2020-06-18T19:16:08.496Z] Node Version:  v12.14.0
[debug] [2020-06-18T19:16:08.509Z] Time:          Thu Jun 18 2020 22:16:08 GMT+0300 (GMT+03:00)
[debug] [2020-06-18T19:16:08.509Z] ----------------------------------------------------------------------
[debug] 
[debug] [2020-06-18T19:16:08.524Z] > command requires scopes: ["email","openid","https://www.googleapis.com/auth/cloudplatformprojects.readonly","https://www.googleapis.com/auth/firebase","https://www.googleapis.com/auth/cloud-platform"]
[debug] [2020-06-18T19:16:08.525Z] > authorizing via signed-in user
[debug] [2020-06-18T19:16:08.528Z] > refreshing access token with scopes: ["email","https://www.googleapis.com/auth/cloud-platform","https://www.googleapis.com/auth/cloudplatformprojects.readonly","https://www.googleapis.com/auth/firebase","openid"]
[debug] [2020-06-18T19:16:08.528Z] >>> HTTP REQUEST POST https://www.googleapis.com/oauth2/v3/token  
 <request body omitted>
[debug] [2020-06-18T19:16:08.758Z] <<< HTTP RESPONSE 200
[debug] [2020-06-18T19:16:08.772Z] >>> HTTP REQUEST GET https://admin.firebase.com/v1/projects  
 
[debug] [2020-06-18T19:16:30.042Z] Error: connect ETIMEDOUT 104.197.85.31:443
    at TCPConnectWrap.afterConnect [as oncomplete] (net.js:1129:14)
[error] 
[error] Error: Server Error. connect ETIMEDOUT 104.197.85.31:443
[debug] [2020-06-18T19:18:37.669Z] ----------------------------------------------------------------------
[debug] [2020-06-18T19:18:37.675Z] Command:       C:\Program Files\nodejs\node.exe C:\Users\jetle\AppData\Roaming\npm\node_modules\firebase-tools\lib\bin\firebase.js use chatty-d2006
[debug] [2020-06-18T19:18:37.675Z] CLI Version:   6.8.0
[debug] [2020-06-18T19:18:37.676Z] Platform:      win32
[debug] [2020-06-18T19:18:37.676Z] Node Version:  v12.14.0
[debug] [2020-06-18T19:18:37.689Z] Time:          Thu Jun 18 2020 22:18:37 GMT+0300 (GMT+03:00)
[debug] [2020-06-18T19:18:37.689Z] ----------------------------------------------------------------------
[debug] 
[debug] [2020-06-18T19:18:37.709Z] > command requires scopes: ["email","openid","https://www.googleapis.com/auth/cloudplatformprojects.readonly","https://www.googleapis.com/auth/firebase","https://www.googleapis.com/auth/cloud-platform"]
[debug] [2020-06-18T19:18:37.710Z] > authorizing via signed-in user
[debug] [2020-06-18T19:18:37.715Z] >>> HTTP REQUEST GET https://admin.firebase.com/v1/projects  
 
[debug] [2020-06-18T19:18:58.985Z] Error: connect ETIMEDOUT 104.197.85.31:443
    at TCPConnectWrap.afterConnect [as oncomplete] (net.js:1129:14)
[error] 
[error] Error: Server Error. connect ETIMEDOUT 104.197.85.31:443
